2022-04-02 18:03:55,642 INFO c.n.c.s.SpringdemoApplication [restartedMain] Starting SpringdemoApplication using Java 16.0.2 on manojreddys-MacBook-Pro.local with PID 92173 (/Users/manojreddy/Desktop/Semester-2/NSC/Assignments/SourceCode/webservice/springdemo/target/classes started by manojreddy in /Users/manojreddy/Desktop/Semester-2/NSC/Assignments/SourceCode/webservice/springdemo)
2022-04-02 18:03:55,668 DEBUG c.n.c.s.SpringdemoApplication [restartedMain] Running with Spring Boot v2.6.3, Spring v5.3.15
2022-04-02 18:03:55,669 INFO c.n.c.s.SpringdemoApplication [restartedMain] The following profiles are active: local
2022-04-02 18:03:57,194 INFO o.s.d.r.c.RepositoryConfigurationDelegate [restartedMain] Bootstrapping Spring Data JPA repositories in DEFAULT mode.
2022-04-02 18:03:57,279 INFO o.s.d.r.c.RepositoryConfigurationDelegate [restartedMain] Finished Spring Data repository scanning in 73 ms. Found 2 JPA repository interfaces.
2022-04-02 18:03:58,104 INFO o.a.c.h.Http11NioProtocol [restartedMain] Initializing ProtocolHandler ["http-nio-8080"]
2022-04-02 18:03:58,105 INFO o.a.c.c.StandardService [restartedMain] Starting service [Tomcat]
2022-04-02 18:03:58,106 INFO o.a.c.c.StandardEngine [restartedMain] Starting Servlet engine: [Apache Tomcat/9.0.56]
2022-04-02 18:03:58,214 INFO o.a.c.c.C.[.[.[/] [restartedMain] Initializing Spring embedded WebApplicationContext
2022-04-02 18:03:58,427 INFO o.h.j.i.u.LogHelper [restartedMain] HHH000204: Processing PersistenceUnitInfo [name: default]
2022-04-02 18:03:58,513 INFO o.h.Version [restartedMain] HHH000412: Hibernate ORM core version 5.6.4.Final
2022-04-02 18:03:58,753 INFO o.h.a.c.Version [restartedMain] HCANN000001: Hibernate Commons Annotations {5.1.2.Final}
2022-04-02 18:03:58,975 INFO c.z.h.HikariDataSource [restartedMain] HikariPool-1 - Starting...
2022-04-02 18:03:59,242 INFO c.z.h.HikariDataSource [restartedMain] HikariPool-1 - Start completed.
2022-04-02 18:03:59,262 INFO o.h.d.Dialect [restartedMain] HHH000400: Using dialect: org.hibernate.dialect.MySQL5InnoDBDialect
2022-04-02 18:04:00,234 INFO o.h.e.t.j.p.i.JtaPlatformInitiator [restartedMain] HHH000490: Using JtaPlatform implementation: [org.hibernate.engine.transaction.jta.platform.internal.NoJtaPlatform]
2022-04-02 18:04:00,251 INFO o.s.o.j.LocalContainerEntityManagerFactoryBean [restartedMain] Initialized JPA EntityManagerFactory for persistence unit 'default'
2022-04-02 18:04:02,840 INFO o.s.s.w.DefaultSecurityFilterChain [restartedMain] Will secure Ant [pattern='/v2/api-docs'] with []
2022-04-02 18:04:02,841 INFO o.s.s.w.DefaultSecurityFilterChain [restartedMain] Will secure Ant [pattern='/swagger-ui/**'] with []
2022-04-02 18:04:02,841 INFO o.s.s.w.DefaultSecurityFilterChain [restartedMain] Will secure Ant [pattern='/v1/user'] with []
2022-04-02 18:04:02,884 INFO o.s.s.w.DefaultSecurityFilterChain [restartedMain] Will secure any request with [org.springframework.security.web.context.request.async.WebAsyncManagerIntegrationFilter@479761d0, org.springframework.security.web.context.SecurityContextPersistenceFilter@51ed891a, org.springframework.security.web.header.HeaderWriterFilter@70cec4b2, org.springframework.security.web.authentication.logout.LogoutFilter@7c14974b, org.springframework.security.web.authentication.www.BasicAuthenticationFilter@77485d9d, org.springframework.security.web.savedrequest.RequestCacheAwareFilter@1e606923, org.springframework.security.web.servletapi.SecurityContextHolderAwareRequestFilter@5334255, org.springframework.security.web.authentication.AnonymousAuthenticationFilter@69745ea, org.springframework.security.web.session.SessionManagementFilter@666fc6d0, org.springframework.security.web.access.ExceptionTranslationFilter@19a027fc, org.springframework.security.web.access.intercept.FilterSecurityInterceptor@7045fa0f]
2022-04-02 18:04:03,321 INFO o.a.c.h.Http11NioProtocol [restartedMain] Starting ProtocolHandler ["http-nio-8080"]
2022-04-02 18:04:03,788 INFO c.n.c.s.SpringdemoApplication [restartedMain] Started SpringdemoApplication in 8.916 seconds (JVM running for 15.703)
2022-04-02 18:04:31,738 INFO o.a.c.c.C.[.[.[/] [http-nio-8080-exec-1] Initializing Spring DispatcherServlet 'dispatcherServlet'
2022-04-02 18:04:31,738 INFO o.s.w.s.DispatcherServlet [http-nio-8080-exec-1] Initializing Servlet 'dispatcherServlet'
2022-04-02 18:04:31,745 INFO o.s.w.s.DispatcherServlet [http-nio-8080-exec-1] Completed initialization in 6 ms
2022-04-02 18:04:31,951 INFO c.n.c.s.c.HealthCheckController [http-nio-8080-exec-1] Api /healthz is called
2022-04-02 18:04:42,836 INFO o.s.o.j.LocalContainerEntityManagerFactoryBean [SpringApplicationShutdownHook] Closing JPA EntityManagerFactory for persistence unit 'default'
2022-04-02 18:04:42,838 INFO c.z.h.HikariDataSource [SpringApplicationShutdownHook] HikariPool-1 - Shutdown initiated...
2022-04-02 18:04:42,844 INFO c.z.h.HikariDataSource [SpringApplicationShutdownHook] HikariPool-1 - Shutdown completed.
